<?xml version="1.0" encoding="UTF-8"?>
<testsuite name="Test Results"
           tests="77"
           failures="1"
           errors="0"
           skipped="76"
           time="0.003">
  <properties />
            <testcase name="" time="0.000" classname="com.testautomation.util.ExecuteTestCases ()">
                <failure type="org.openqa.selenium.SessionNotCreatedException"
                  message="session not created exception
from disconnected: received Inspector.detached event
  (Session info: chrome=79.0.3945.88)
  (Driver info: chromedriver=2.35.528161 (5b82f2d2aae0ca24b877009200ced9065a772e73),platform=Windows NT 10.0.17134 x86_64) (WARNING: The server did not provide any stacktrace information)
Command duration or timeout: 15.48 seconds
Build info: version: &apos;2.39.0&apos;, revision: &apos;ff23eac&apos;, time: &apos;2013-12-16 16:12:12&apos;
System info: host: &apos;TTCHP840003&apos;, ip: &apos;192.168.100.135&apos;, os.name: &apos;Windows 10&apos;, os.arch: &apos;amd64&apos;, os.version: &apos;10.0&apos;, java.version: &apos;1.8.0_201&apos;
Driver info: org.openqa.selenium.chrome.ChromeDriver"
              >
<![CDATA[org.openqa.selenium.SessionNotCreatedException: session not created exception
from disconnected: received Inspector.detached event
  (Session info: chrome=79.0.3945.88)
  (Driver info: chromedriver=2.35.528161 (5b82f2d2aae0ca24b877009200ced9065a772e73),platform=Windows NT 10.0.17134 x86_64) (WARNING: The server did not provide any stacktrace information)
Command duration or timeout: 15.48 seconds
Build info: version: '2.39.0', revision: 'ff23eac', time: '2013-12-16 16:12:12'
System info: host: 'TTCHP840003', ip: '192.168.100.135', os.name: 'Windows 10', os.arch: 'amd64', os.version: '10.0', java.version: '1.8.0_201'
Driver info: org.openqa.selenium.chrome.ChromeDriver
  sun.reflect.NativeConstructorAccessorImpl.newInstance0(Native Method)
  sun.reflect.NativeConstructorAccessorImpl.newInstance(Unknown Source)
  sun.reflect.DelegatingConstructorAccessorImpl.newInstance(Unknown Source)
  java.lang.reflect.Constructor.newInstance(Unknown Source)
  org.openqa.selenium.remote.ErrorHandler.createThrowable(ErrorHandler.java:193)
  org.openqa.selenium.remote.ErrorHandler.throwIfResponseFailed(ErrorHandler.java:145)
  org.openqa.selenium.remote.RemoteWebDriver.execute(RemoteWebDriver.java:554)
  org.openqa.selenium.remote.RemoteWebDriver.startSession(RemoteWebDriver.java:216)
  org.openqa.selenium.chrome.ChromeDriver.startSession(ChromeDriver.java:182)
  org.openqa.selenium.remote.RemoteWebDriver.<init>(RemoteWebDriver.java:111)
  org.openqa.selenium.remote.RemoteWebDriver.<init>(RemoteWebDriver.java:115)
  org.openqa.selenium.chrome.ChromeDriver.<init>(ChromeDriver.java:161)
  org.openqa.selenium.chrome.ChromeDriver.<init>(ChromeDriver.java:150)
  org.openqa.selenium.chrome.ChromeDriver.<init>(ChromeDriver.java:107)
  com.testautomation.util.ExecuteTestCases.chrome(ExecuteTestCases.java:118)
  com.testautomation.util.ExecuteTestCases.selectBrowser(ExecuteTestCases.java:110)
  com.testautomation.util.ExecuteTestCases.setup(ExecuteTestCases.java:75)
  sun.reflect.NativeMethodAccessorImpl.invoke0(Native Method)
  sun.reflect.NativeMethodAccessorImpl.invoke(Unknown Source)
  sun.reflect.DelegatingMethodAccessorImpl.invoke(Unknown Source)
  java.lang.reflect.Method.invoke(Unknown Source)
  org.testng.internal.MethodInvocationHelper.invokeMethod(MethodInvocationHelper.java:84)
  org.testng.internal.Invoker.invokeConfigurationMethod(Invoker.java:564)
  org.testng.internal.Invoker.invokeConfigurations(Invoker.java:213)
  org.testng.internal.Invoker.invokeConfigurations(Invoker.java:138)
  org.testng.internal.TestMethodWorker.invokeBeforeClassMethods(TestMethodWorker.java:175)
  org.testng.internal.TestMethodWorker.run(TestMethodWorker.java:107)
  org.testng.TestRunner.privateRun(TestRunner.java:767)
  org.testng.TestRunner.run(TestRunner.java:617)
  org.testng.SuiteRunner.runTest(SuiteRunner.java:334)
  org.testng.SuiteRunner.runSequentially(SuiteRunner.java:329)
  org.testng.SuiteRunner.privateRun(SuiteRunner.java:291)
  org.testng.SuiteRunner.run(SuiteRunner.java:240)
  org.testng.SuiteRunnerWorker.runSuite(SuiteRunnerWorker.java:52)
  org.testng.SuiteRunnerWorker.run(SuiteRunnerWorker.java:86)
  org.testng.TestNG.runSuitesSequentially(TestNG.java:1224)
  org.testng.TestNG.runSuitesLocally(TestNG.java:1149)
  org.testng.TestNG.run(TestNG.java:1057)
  com.testautomation.MainTestNG.testng(MainTestNG.java:146)
  com.testautomation.MainTestNG.startTest(MainTestNG.java:106)
  com.testautomation.controller.FirstController.startTest(FirstController.java:149)
  sun.reflect.NativeMethodAccessorImpl.invoke0(Native Method)
  sun.reflect.NativeMethodAccessorImpl.invoke(Unknown Source)
  sun.reflect.DelegatingMethodAccessorImpl.invoke(Unknown Source)
  java.lang.reflect.Method.invoke(Unknown Source)
  org.springframework.web.method.support.InvocableHandlerMethod.doInvoke(InvocableHandlerMethod.java:190)
  org.springframework.web.method.support.InvocableHandlerMethod.invokeForRequest(InvocableHandlerMethod.java:138)
  org.springframework.web.servlet.mvc.method.annotation.ServletInvocableHandlerMethod.invokeAndHandle(ServletInvocableHandlerMethod.java:106)
  org.springframework.web.servlet.mvc.method.annotation.RequestMappingHandlerAdapter.invokeHandlerMethod(RequestMappingHandlerAdapter.java:888)
  org.springframework.web.servlet.mvc.method.annotation.RequestMappingHandlerAdapter.handleInternal(RequestMappingHandlerAdapter.java:793)
  org.springframework.web.servlet.mvc.method.AbstractHandlerMethodAdapter.handle(AbstractHandlerMethodAdapter.java:87)
  org.springframework.web.servlet.DispatcherServlet.doDispatch(DispatcherServlet.java:1040)
  org.springframework.web.servlet.DispatcherServlet.doService(DispatcherServlet.java:943)
  org.springframework.web.servlet.FrameworkServlet.processRequest(FrameworkServlet.java:1006)
  org.springframework.web.servlet.FrameworkServlet.doGet(FrameworkServlet.java:898)
  javax.servlet.http.HttpServlet.service(HttpServlet.java:634)
  org.springframework.web.servlet.FrameworkServlet.service(FrameworkServlet.java:883)
  javax.servlet.http.HttpServlet.service(HttpServlet.java:741)
  org.apache.catalina.core.ApplicationFilterChain.internalDoFilter(ApplicationFilterChain.java:231)
  org.apache.catalina.core.ApplicationFilterChain.doFilter(ApplicationFilterChain.java:166)
  org.apache.tomcat.websocket.server.WsFilter.doFilter(WsFilter.java:53)
  org.apache.catalina.core.ApplicationFilterChain.internalDoFilter(ApplicationFilterChain.java:193)
  org.apache.catalina.core.ApplicationFilterChain.doFilter(ApplicationFilterChain.java:166)
  org.springframework.web.filter.RequestContextFilter.doFilterInternal(RequestContextFilter.java:100)
  org.springframework.web.filter.OncePerRequestFilter.doFilter(OncePerRequestFilter.java:119)
  org.apache.catalina.core.ApplicationFilterChain.internalDoFilter(ApplicationFilterChain.java:193)
  org.apache.catalina.core.ApplicationFilterChain.doFilter(ApplicationFilterChain.java:166)
  org.springframework.web.filter.FormContentFilter.doFilterInternal(FormContentFilter.java:93)
  org.springframework.web.filter.OncePerRequestFilter.doFilter(OncePerRequestFilter.java:119)
  org.apache.catalina.core.ApplicationFilterChain.internalDoFilter(ApplicationFilterChain.java:193)
  org.apache.catalina.core.ApplicationFilterChain.doFilter(ApplicationFilterChain.java:166)
  org.springframework.web.filter.CharacterEncodingFilter.doFilterInternal(CharacterEncodingFilter.java:201)
  org.springframework.web.filter.OncePerRequestFilter.doFilter(OncePerRequestFilter.java:119)
  org.apache.catalina.core.ApplicationFilterChain.internalDoFilter(ApplicationFilterChain.java:193)
  org.apache.catalina.core.ApplicationFilterChain.doFilter(ApplicationFilterChain.java:166)
  org.apache.catalina.core.StandardWrapperValve.invoke(StandardWrapperValve.java:202)
  org.apache.catalina.core.StandardContextValve.invoke(StandardContextValve.java:96)
  org.apache.catalina.authenticator.AuthenticatorBase.invoke(AuthenticatorBase.java:526)
  org.apache.catalina.core.StandardHostValve.invoke(StandardHostValve.java:139)
  org.apache.catalina.valves.ErrorReportValve.invoke(ErrorReportValve.java:92)
  org.apache.catalina.core.StandardEngineValve.invoke(StandardEngineValve.java:74)
  org.apache.catalina.connector.CoyoteAdapter.service(CoyoteAdapter.java:343)
  org.apache.coyote.http11.Http11Processor.service(Http11Processor.java:408)
  org.apache.coyote.AbstractProcessorLight.process(AbstractProcessorLight.java:66)
  org.apache.coyote.AbstractProtocol$ConnectionHandler.process(AbstractProtocol.java:861)
  org.apache.tomcat.util.net.NioEndpoint$SocketProcessor.doRun(NioEndpoint.java:1579)
  org.apache.tomcat.util.net.SocketProcessorBase.run(SocketProcessorBase.java:49)
  java.util.concurrent.ThreadPoolExecutor.runWorker(Unknown Source)
  java.util.concurrent.ThreadPoolExecutor$Worker.run(Unknown Source)
  org.apache.tomcat.util.threads.TaskThread$WrappingRunnable.run(TaskThread.java:61)
  java.lang.Thread.run(Unknown Source)
]]>
      </failure>

          </testcase>
  
            <testcase name="" time="0.0" classname="com.testautomation.util.ExecuteTestCases ()">
          <skipped />
    </testcase>
            <testcase name="" time="0.0" classname="com.testautomation.util.ExecuteTestCases ()">
          <skipped />
    </testcase>
            <testcase name="" time="0.0" classname="com.testautomation.util.ExecuteTestCases ()">
          <skipped />
    </testcase>
            <testcase name="" time="0.0" classname="com.testautomation.util.ExecuteTestCases ()">
          <skipped />
    </testcase>
            <testcase name="" time="0.0" classname="com.testautomation.util.ExecuteTestCases ()">
          <skipped />
    </testcase>
            <testcase name="" time="0.0" classname="com.testautomation.util.ExecuteTestCases ()">
          <skipped />
    </testcase>
            <testcase name="" time="0.0" classname="com.testautomation.util.ExecuteTestCases ()">
          <skipped />
    </testcase>
            <testcase name="" time="0.0" classname="com.testautomation.util.ExecuteTestCases ()">
          <skipped />
    </testcase>
            <testcase name="" time="0.0" classname="com.testautomation.util.ExecuteTestCases ()">
          <skipped />
    </testcase>
            <testcase name="" time="0.0" classname="com.testautomation.util.ExecuteTestCases ()">
          <skipped />
    </testcase>
            <testcase name="" time="0.0" classname="com.testautomation.util.ExecuteTestCases ()">
          <skipped />
    </testcase>
            <testcase name="" time="0.0" classname="com.testautomation.util.ExecuteTestCases ()">
          <skipped />
    </testcase>
            <testcase name="" time="0.0" classname="com.testautomation.util.ExecuteTestCases ()">
          <skipped />
    </testcase>
            <testcase name="" time="0.0" classname="com.testautomation.util.ExecuteTestCases ()">
          <skipped />
    </testcase>
            <testcase name="" time="0.0" classname="com.testautomation.util.ExecuteTestCases ()">
          <skipped />
    </testcase>
            <testcase name="" time="0.0" classname="com.testautomation.util.ExecuteTestCases ()">
          <skipped />
    </testcase>
            <testcase name="" time="0.0" classname="com.testautomation.util.ExecuteTestCases ()">
          <skipped />
    </testcase>
            <testcase name="" time="0.0" classname="com.testautomation.util.ExecuteTestCases ()">
          <skipped />
    </testcase>
            <testcase name="" time="0.0" classname="com.testautomation.util.ExecuteTestCases ()">
          <skipped />
    </testcase>
            <testcase name="" time="0.0" classname="com.testautomation.util.ExecuteTestCases ()">
          <skipped />
    </testcase>
            <testcase name="" time="0.0" classname="com.testautomation.util.ExecuteTestCases ()">
          <skipped />
    </testcase>
            <testcase name="" time="0.0" classname="com.testautomation.util.ExecuteTestCases ()">
          <skipped />
    </testcase>
            <testcase name="" time="0.0" classname="com.testautomation.util.ExecuteTestCases ()">
          <skipped />
    </testcase>
            <testcase name="" time="0.0" classname="com.testautomation.util.ExecuteTestCases ()">
          <skipped />
    </testcase>
            <testcase name="" time="0.0" classname="com.testautomation.util.ExecuteTestCases ()">
          <skipped />
    </testcase>
            <testcase name="" time="0.0" classname="com.testautomation.util.ExecuteTestCases ()">
          <skipped />
    </testcase>
            <testcase name="" time="0.0" classname="com.testautomation.util.ExecuteTestCases ()">
          <skipped />
    </testcase>
            <testcase name="" time="0.0" classname="com.testautomation.util.ExecuteTestCases ()">
          <skipped />
    </testcase>
            <testcase name="" time="0.0" classname="com.testautomation.util.ExecuteTestCases ()">
          <skipped />
    </testcase>
            <testcase name="" time="0.0" classname="com.testautomation.util.ExecuteTestCases ()">
          <skipped />
    </testcase>
            <testcase name="" time="0.0" classname="com.testautomation.util.ExecuteTestCases ()">
          <skipped />
    </testcase>
            <testcase name="" time="0.0" classname="com.testautomation.util.ExecuteTestCases ()">
          <skipped />
    </testcase>
            <testcase name="" time="0.0" classname="com.testautomation.util.ExecuteTestCases ()">
          <skipped />
    </testcase>
            <testcase name="" time="0.0" classname="com.testautomation.util.ExecuteTestCases ()">
          <skipped />
    </testcase>
            <testcase name="" time="0.0" classname="com.testautomation.util.ExecuteTestCases ()">
          <skipped />
    </testcase>
            <testcase name="" time="0.0" classname="com.testautomation.util.ExecuteTestCases ()">
          <skipped />
    </testcase>
            <testcase name="" time="0.0" classname="com.testautomation.util.ExecuteTestCases ()">
          <skipped />
    </testcase>
            <testcase name="" time="0.0" classname="com.testautomation.util.ExecuteTestCases ()">
          <skipped />
    </testcase>
            <testcase name="" time="0.0" classname="com.testautomation.util.ExecuteTestCases ()">
          <skipped />
    </testcase>
            <testcase name="" time="0.0" classname="com.testautomation.util.ExecuteTestCases ()">
          <skipped />
    </testcase>
            <testcase name="" time="0.0" classname="com.testautomation.util.ExecuteTestCases ()">
          <skipped />
    </testcase>
            <testcase name="" time="0.0" classname="com.testautomation.util.ExecuteTestCases ()">
          <skipped />
    </testcase>
            <testcase name="" time="0.0" classname="com.testautomation.util.ExecuteTestCases ()">
          <skipped />
    </testcase>
            <testcase name="" time="0.0" classname="com.testautomation.util.ExecuteTestCases ()">
          <skipped />
    </testcase>
            <testcase name="" time="0.0" classname="com.testautomation.util.ExecuteTestCases ()">
          <skipped />
    </testcase>
            <testcase name="" time="0.0" classname="com.testautomation.util.ExecuteTestCases ()">
          <skipped />
    </testcase>
            <testcase name="" time="0.0" classname="com.testautomation.util.ExecuteTestCases ()">
          <skipped />
    </testcase>
            <testcase name="" time="0.0" classname="com.testautomation.util.ExecuteTestCases ()">
          <skipped />
    </testcase>
            <testcase name="" time="0.0" classname="com.testautomation.util.ExecuteTestCases ()">
          <skipped />
    </testcase>
            <testcase name="" time="0.0" classname="com.testautomation.util.ExecuteTestCases ()">
          <skipped />
    </testcase>
            <testcase name="" time="0.0" classname="com.testautomation.util.ExecuteTestCases ()">
          <skipped />
    </testcase>
            <testcase name="" time="0.0" classname="com.testautomation.util.ExecuteTestCases ()">
          <skipped />
    </testcase>
            <testcase name="" time="0.0" classname="com.testautomation.util.ExecuteTestCases ()">
          <skipped />
    </testcase>
            <testcase name="" time="0.0" classname="com.testautomation.util.ExecuteTestCases ()">
          <skipped />
    </testcase>
            <testcase name="" time="0.0" classname="com.testautomation.util.ExecuteTestCases ()">
          <skipped />
    </testcase>
            <testcase name="" time="0.0" classname="com.testautomation.util.ExecuteTestCases ()">
          <skipped />
    </testcase>
            <testcase name="" time="0.0" classname="com.testautomation.util.ExecuteTestCases ()">
          <skipped />
    </testcase>
            <testcase name="" time="0.0" classname="com.testautomation.util.ExecuteTestCases ()">
          <skipped />
    </testcase>
            <testcase name="" time="0.0" classname="com.testautomation.util.ExecuteTestCases ()">
          <skipped />
    </testcase>
            <testcase name="" time="0.0" classname="com.testautomation.util.ExecuteTestCases ()">
          <skipped />
    </testcase>
            <testcase name="" time="0.0" classname="com.testautomation.util.ExecuteTestCases ()">
          <skipped />
    </testcase>
            <testcase name="" time="0.0" classname="com.testautomation.util.ExecuteTestCases ()">
          <skipped />
    </testcase>
            <testcase name="" time="0.0" classname="com.testautomation.util.ExecuteTestCases ()">
          <skipped />
    </testcase>
            <testcase name="" time="0.0" classname="com.testautomation.util.ExecuteTestCases ()">
          <skipped />
    </testcase>
            <testcase name="" time="0.0" classname="com.testautomation.util.ExecuteTestCases ()">
          <skipped />
    </testcase>
            <testcase name="" time="0.0" classname="com.testautomation.util.ExecuteTestCases ()">
          <skipped />
    </testcase>
            <testcase name="" time="0.0" classname="com.testautomation.util.ExecuteTestCases ()">
          <skipped />
    </testcase>
            <testcase name="" time="0.0" classname="com.testautomation.util.ExecuteTestCases ()">
          <skipped />
    </testcase>
            <testcase name="" time="0.0" classname="com.testautomation.util.ExecuteTestCases ()">
          <skipped />
    </testcase>
            <testcase name="" time="0.0" classname="com.testautomation.util.ExecuteTestCases ()">
          <skipped />
    </testcase>
            <testcase name="" time="0.0" classname="com.testautomation.util.ExecuteTestCases ()">
          <skipped />
    </testcase>
            <testcase name="" time="0.0" classname="com.testautomation.util.ExecuteTestCases ()">
          <skipped />
    </testcase>
            <testcase name="" time="0.0" classname="com.testautomation.util.ExecuteTestCases ()">
          <skipped />
    </testcase>
            <testcase name="" time="0.0" classname="com.testautomation.util.ExecuteTestCases ()">
          <skipped />
    </testcase>
            <testcase name="" time="0.0" classname="com.testautomation.util.ExecuteTestCases ()">
          <skipped />
    </testcase>
            <testcase name="" time="0.0" classname="com.testautomation.util.ExecuteTestCases ()">
          <skipped />
    </testcase>
  
  
</testsuite>
